<?xml version="1.0" encoding="UTF-8"?>
<!-- Generated by org.testng.reporters.JUnitReportReporter -->
<testsuite hostname="MacBook-Air-Asan.local" failures="0" tests="3" name="selenium.CreateAccountTest" time="44.526" errors="0" timestamp="2023-08-04T13:16:27 KGT" skipped="0">
  <testcase classname="selenium.CreateAccountTest" name="createAccountTest" time="14.752"/>
  <system-out/>
  <testcase classname="selenium.CreateAccountTest" name="verifyMandatoryFields" time="11.930"/>
  <system-out/>
  <testcase classname="selenium.CreateAccountTest" name="checkingPasswordStrength" time="17.844"/>
  <system-out/>
</testsuite> <!-- selenium.CreateAccountTest -->
